<?xml version="1.0" encoding="UTF-8"?>
<testsuite name="com.dtxt.GameTest" tests="1" skipped="0" failures="0" errors="0" timestamp="2024-11-11T16:48:29" hostname="shake" time="0.001">
  <properties/>
  <testcase name="testComething" classname="com.dtxt.GameTest" time="0.001"/>
  <system-out><![CDATA[Hello, World!
]]></system-out>
  <system-err><![CDATA[]]></system-err>
</testsuite>
