<?xml version="1.0" encoding="UTF-8"?>
<testsuite name="com.bbsim.MainTest" tests="1" skipped="0" failures="0" errors="0" timestamp="2024-11-11T19:20:28" hostname="shake" time="0.017">
  <properties/>
  <testcase name="testSomething" classname="com.bbsim.MainTest" time="0.017"/>
  <system-out><![CDATA[COPPER LEAGUE: CGC PHF THT VCJ LAD SAP SDL SDS DEN MCT OHV ISC CHI INS KST MIN SLN CTT OMB MVQ ABQ LVD OFC OGW DAL HOU SAT AUB EPO UTH SEA WWT 
ZINC LEAGUE: BHB HFR WDC MIM JEL ORL ABF KYD NOK BOD BAO MOX DCY CRP BRX NYS NYF BFF CSP CGH CRS OTM TOT PHS PSS PRP MNC PRA GLB NFR MPB CPC 
PACIFIC COAST: VCJ LAD SAP SDL SDS OHV OGW SEA 
WEST CENTRAL: CGC PHF THT DEN CTT ABQ LVD UTH 
GREAT PLAINS: ISC CHI INS KST MIN SLN OMB WWT 
SOUTHWEST: MCT MVQ OFC DAL HOU SAT AUB EPO 
MIDWEST: DCY BFF CSP CGH CRS OTM TOT PSS 
NORTHEAST: HFR BOD MOX BRX NYS NYF MNC PRA 
SOUTHEAST: BHB MIM JEL ORL ABF NOK PRP GLB 
EAST CENTRAL: WDC KYD BAO CRP PHS NFR MPB CPC 
]]></system-out>
  <system-err><![CDATA[]]></system-err>
</testsuite>
